<?xml version="1.0" encoding="UTF-8"?>
<!-- Generated by org.testng.reporters.JUnitReportReporter -->
<testsuite hostname="ff-f" name="ru.st.selenium.logintest" tests="1" failures="0" timestamp="31 Aug 2015 19:39:08 GMT" time="2.814" errors="0">
  <testcase name="testUntitled" time="2.814" classname="ru.st.selenium.logintest"/>
</testsuite> <!-- ru.st.selenium.logintest -->
