<?xml version="1.0" encoding="UTF-8"?>
<!-- Generated by org.testng.reporters.JUnitReportReporter -->
<testsuite hostname="ff-f" name="ru.st.selenium.RemoveDisctiptionFilm" tests="1" failures="0" timestamp="7 Sep 2015 20:43:36 GMT" time="3.602" errors="0">
  <testcase name="testUntitled" time="3.602" classname="ru.st.selenium.RemoveDisctiptionFilm"/>
</testsuite> <!-- ru.st.selenium.RemoveDisctiptionFilm -->
