<?xml version="1.0" encoding="UTF-8"?>
<!-- Generated by org.testng.reporters.JUnitReportReporter -->
<testsuite hostname="ff-f" name="ru.st.selenium.searchsucsessfilmresult" tests="1" failures="0" timestamp="11 Sep 2015 19:31:41 GMT" time="6.568" errors="0">
  <testcase name="testUntitled" time="6.568" classname="ru.st.selenium.searchsucsessfilmresult"/>
</testsuite> <!-- ru.st.selenium.searchsucsessfilmresult -->
