<?xml version="1.0" encoding="UTF-8"?>
<!-- Generated by org.testng.reporters.JUnitReportReporter -->
<testsuite hostname="ff-f" name="ru.st.selenium.CreateDiscriptionFilmWithOutTitletest" tests="1" failures="0" timestamp="7 Sep 2015 20:20:17 GMT" time="3.718" errors="0">
  <testcase name="testUntitled" time="3.718" classname="ru.st.selenium.CreateDiscriptionFilmWithOutTitletest"/>
</testsuite> <!-- ru.st.selenium.CreateDiscriptionFilmWithOutTitletest -->
