<?xml version="1.0" encoding="UTF-8"?>
<!-- Generated by org.testng.reporters.JUnitReportReporter -->
<testsuite hostname="ff-f" name="ru.st.selenium.CreateDiscriptionFilmtest" tests="1" failures="0" timestamp="27 Sep 2015 22:55:08 GMT" time="4.486" errors="0">
  <testcase name="testUntitled" time="4.486" classname="ru.st.selenium.CreateDiscriptionFilmtest"/>
</testsuite> <!-- ru.st.selenium.CreateDiscriptionFilmtest -->
