<?xml version="1.0" encoding="UTF-8"?>
<!-- Generated by org.testng.reporters.JUnitReportReporter -->
<testsuite hostname="ff-f" name="ru.st.selenium.RemoveDisctiptionFilm" tests="1" failures="0" timestamp="9 Sep 2015 20:26:02 GMT" time="37.699" errors="0">
  <testcase name="testUntitled" time="37.699" classname="ru.st.selenium.RemoveDisctiptionFilm"/>
</testsuite> <!-- ru.st.selenium.RemoveDisctiptionFilm -->
