<?xml version="1.0" encoding="UTF-8"?>
<!-- Generated by org.testng.reporters.JUnitReportReporter -->
<testsuite hostname="ff-f" name="ru.st.selenium.RemoveDisctiptionFilm" tests="1" failures="0" timestamp="22 Sep 2015 20:52:26 GMT" time="7.745" errors="0">
  <testcase name="testUntitled" time="7.745" classname="ru.st.selenium.RemoveDisctiptionFilm"/>
</testsuite> <!-- ru.st.selenium.RemoveDisctiptionFilm -->
