<?xml version="1.0" encoding="UTF-8"?>
<!-- Generated by org.testng.reporters.JUnitReportReporter -->
<testsuite hostname="ff-f" name="ru.st.selenium.CreateDiscriptionFilmtest" tests="1" failures="0" timestamp="7 Sep 2015 20:14:47 GMT" time="4.014" errors="0">
  <testcase name="testUntitled" time="4.014" classname="ru.st.selenium.CreateDiscriptionFilmtest"/>
</testsuite> <!-- ru.st.selenium.CreateDiscriptionFilmtest -->
