<?xml version="1.0" encoding="UTF-8"?>
<!-- Generated by org.testng.reporters.JUnitReportReporter -->
<testsuite hostname="ff-f" name="ru.st.selenium.CreateDiscriptionFilmWithOutYeartest" tests="1" failures="0" timestamp="27 Sep 2015 22:55:08 GMT" time="2.478" errors="0">
  <testcase name="testUntitled" time="2.478" classname="ru.st.selenium.CreateDiscriptionFilmWithOutYeartest"/>
</testsuite> <!-- ru.st.selenium.CreateDiscriptionFilmWithOutYeartest -->
