<?xml version="1.0" encoding="UTF-8"?>
<!-- Generated by org.testng.reporters.JUnitReportReporter -->
<testsuite hostname="ff-f" name="ru.st.selenium.searchsucsessfilmresult" tests="1" failures="0" timestamp="15 Sep 2015 19:04:23 GMT" time="37.974" errors="0">
  <testcase name="testUntitled" time="37.974" classname="ru.st.selenium.searchsucsessfilmresult"/>
</testsuite> <!-- ru.st.selenium.searchsucsessfilmresult -->
