<?xml version="1.0" encoding="UTF-8"?>
<!-- Generated by org.testng.reporters.JUnitReportReporter -->
<testsuite hostname="ff-f" name="ru.st.selenium.searchNothingtest" tests="1" failures="0" timestamp="22 Sep 2015 21:28:26 GMT" time="4.588" errors="0">
  <testcase name="testUntitled" time="4.588" classname="ru.st.selenium.searchNothingtest"/>
</testsuite> <!-- ru.st.selenium.searchNothingtest -->
