<?xml version="1.0" encoding="UTF-8"?>
<!-- Generated by org.testng.reporters.JUnitReportReporter -->
<testsuite hostname="ff-f" name="ru.st.selenium.CreateDiscriptionFilmWithOutYeartest" tests="1" failures="0" timestamp="8 Sep 2015 20:03:35 GMT" time="13.215" errors="0">
  <testcase name="testUntitled" time="13.215" classname="ru.st.selenium.CreateDiscriptionFilmWithOutYeartest"/>
</testsuite> <!-- ru.st.selenium.CreateDiscriptionFilmWithOutYeartest -->
