<?xml version="1.0" encoding="UTF-8"?>
<!-- Generated by org.testng.reporters.JUnitReportReporter -->
<testsuite hostname="ff-f" name="ru.st.selenium.logintest" tests="1" failures="0" timestamp="30 Aug 2015 17:25:57 GMT" time="1.679" errors="0">
  <testcase name="testUntitled" time="1.679" classname="ru.st.selenium.logintest"/>
</testsuite> <!-- ru.st.selenium.logintest -->
