<?xml version="1.0" encoding="UTF-8"?>
<!-- Generated by org.testng.reporters.JUnitReportReporter -->
<testsuite hostname="ff-f" name="ru.st.selenium.CreateDiscriptionFilmtest" tests="1" failures="0" timestamp="22 Sep 2015 20:24:37 GMT" time="7.337" errors="0">
  <testcase name="testUntitled" time="7.337" classname="ru.st.selenium.CreateDiscriptionFilmtest"/>
</testsuite> <!-- ru.st.selenium.CreateDiscriptionFilmtest -->
