<?xml version="1.0" encoding="UTF-8"?>
<!-- Generated by org.testng.reporters.JUnitReportReporter -->
<testsuite hostname="ff-f" name="ru.st.selenium.CreateDiscriptionFilmWithOutYeartest" tests="1" failures="0" timestamp="9 Sep 2015 20:26:02 GMT" time="37.306" errors="0">
  <testcase name="testUntitled" time="37.306" classname="ru.st.selenium.CreateDiscriptionFilmWithOutYeartest"/>
</testsuite> <!-- ru.st.selenium.CreateDiscriptionFilmWithOutYeartest -->
