<?xml version="1.0" encoding="UTF-8"?>
<!-- Generated by org.testng.reporters.JUnitReportReporter -->
<testsuite hostname="ff-f" name="ru.st.selenium.CreateDiscriptinFilmtest" tests="1" failures="0" timestamp="6 Sep 2015 20:48:20 GMT" time="3.340" errors="0">
  <testcase name="testUntitled" time="3.340" classname="ru.st.selenium.CreateDiscriptinFilmtest"/>
</testsuite> <!-- ru.st.selenium.CreateDiscriptinFilmtest -->
