<?xml version="1.0" encoding="UTF-8"?>
<!-- Generated by org.testng.reporters.JUnitReportReporter -->
<testsuite hostname="ff-f" name="ru.st.selenium.CreateDiscriptionFilmtest" tests="1" failures="0" timestamp="8 Sep 2015 18:40:11 GMT" time="3.297" errors="0">
  <testcase name="testUntitled" time="3.297" classname="ru.st.selenium.CreateDiscriptionFilmtest"/>
</testsuite> <!-- ru.st.selenium.CreateDiscriptionFilmtest -->
