<?xml version="1.0" encoding="UTF-8"?>
<!-- Generated by org.testng.reporters.JUnitReportReporter -->
<testsuite hostname="ff-f" name="ru.st.selenium.RemoveDisctiptionFilm" tests="1" failures="0" timestamp="27 Sep 2015 22:55:09 GMT" time="4.084" errors="0">
  <testcase name="testUntitled" time="4.084" classname="ru.st.selenium.RemoveDisctiptionFilm"/>
</testsuite> <!-- ru.st.selenium.RemoveDisctiptionFilm -->
