<?xml version="1.0" encoding="UTF-8"?>
<!-- Generated by org.testng.reporters.JUnitReportReporter -->
<testsuite hostname="ff-f" name="ru.st.selenium.pages.HomePageTest" tests="2" failures="0" timestamp="29 Aug 2015 18:16:51 GMT" time="0.221" errors="0">
  <testcase name="test2" time="0.002" classname="ru.st.selenium.pages.HomePageTest"/>
  <testcase name="testH1Existing" time="0.219" classname="ru.st.selenium.pages.HomePageTest"/>
</testsuite> <!-- ru.st.selenium.pages.HomePageTest -->
