<?xml version="1.0" encoding="UTF-8"?>
<!-- Generated by org.testng.reporters.JUnitReportReporter -->
<testsuite hostname="ff-f" name="ru.st.selenium.CreateDiscriptionFilmWithOutTitletest" tests="1" failures="0" timestamp="9 Sep 2015 20:31:59 GMT" time="30.140" errors="0">
  <testcase name="testUntitled" time="30.140" classname="ru.st.selenium.CreateDiscriptionFilmWithOutTitletest"/>
</testsuite> <!-- ru.st.selenium.CreateDiscriptionFilmWithOutTitletest -->
