<?xml version="1.0" encoding="UTF-8"?>
<!-- Generated by org.testng.reporters.JUnitReportReporter -->
<testsuite hostname="ff-f" name="ru.st.selenium.searchsucsessfilmresult" tests="1" failures="0" timestamp="11 Sep 2015 23:31:43 GMT" time="32.635" errors="0">
  <testcase name="testUntitled" time="32.635" classname="ru.st.selenium.searchsucsessfilmresult"/>
</testsuite> <!-- ru.st.selenium.searchsucsessfilmresult -->
