<?xml version="1.0" encoding="UTF-8"?>
<!-- Generated by org.testng.reporters.JUnitReportReporter -->
<testsuite hostname="ff-f" name="ru.st.selenium.CreateDiscriptionFilmWithOutTitletest" tests="1" failures="0" timestamp="11 Sep 2015 23:31:43 GMT" time="32.946" errors="0">
  <testcase name="testUntitled" time="32.946" classname="ru.st.selenium.CreateDiscriptionFilmWithOutTitletest"/>
</testsuite> <!-- ru.st.selenium.CreateDiscriptionFilmWithOutTitletest -->
