<?xml version="1.0" encoding="UTF-8"?>
<!-- Generated by org.testng.reporters.JUnitReportReporter -->
<testsuite hostname="ff-f" name="ru.st.selenium.searchNothingtest" tests="1" failures="0" timestamp="23 Sep 2015 21:43:44 GMT" time="1.403" errors="0">
  <testcase name="testUntitled" time="1.403" classname="ru.st.selenium.searchNothingtest"/>
</testsuite> <!-- ru.st.selenium.searchNothingtest -->
