<?xml version="1.0" encoding="UTF-8"?>
<!-- Generated by org.testng.reporters.JUnitReportReporter -->
<testsuite hostname="ff-f" name="ru.st.selenium.searchNothingtest" tests="1" failures="0" timestamp="11 Sep 2015 23:31:43 GMT" time="30.441" errors="0">
  <testcase name="testUntitled" time="30.441" classname="ru.st.selenium.searchNothingtest"/>
</testsuite> <!-- ru.st.selenium.searchNothingtest -->
